#
# There is insufficient memory for the Java Runtime Environment to continue.
# Native memory allocation (mmap) failed to map 134217728 bytes for G1 virtual space
# Possible reasons:
#   The system is out of physical RAM or swap space
#   The process is running with CompressedOops enabled, and the Java Heap may be blocking the growth of the native heap
# Possible solutions:
#   Reduce memory load on the system
#   Increase physical memory or swap space
#   Check if swap backing store is full
#   Decrease Java heap size (-Xmx/-Xms)
#   Decrease number of Java threads
#   Decrease Java thread stack sizes (-Xss)
#   Set larger code cache with -XX:ReservedCodeCacheSize=
#   JVM is running with Unscaled Compressed Oops mode in which the Java heap is
#     placed in the first 4GB address space. The Java Heap base address is the
#     maximum limit for the native heap growth. Please use -XX:HeapBaseMinAddress
#     to set the Java Heap base and to place the Java Heap above 4GB virtual address.
# This output file may be truncated or incomplete.
#
#  Out of Memory Error (./open/src/hotspot/os/windows/os_windows.cpp:3472), pid=2100, tid=5776
#
# JRE version:  (15.0.1+9) (build )
# Java VM: Java HotSpot(TM) 64-Bit Server VM (15.0.1+9-18, mixed mode, sharing, tiered, compressed oops, g1 gc, windows-amd64)
# No core dump will be written. Minidumps are not enabled by default on client versions of Windows
#

---------------  S U M M A R Y ------------

Command Line: 

Host: Intel(R) Core(TM) i5-7200U CPU @ 2.50GHz, 4 cores, 7G,  Windows 10 , 64 bit Build 19041 (10.0.19041.662)
Time: Fri Jan  1 00:41:44 2021 India Standard Time elapsed time: 0.019246 seconds (0d 0h 0m 0s)

---------------  T H R E A D  ---------------

Current thread (0x000001ed32beeec0):  JavaThread "Unknown thread" [_thread_in_vm, id=5776, stack(0x0000006317000000,0x0000006317100000)]

Stack: [0x0000006317000000,0x0000006317100000]
Native frames: (J=compiled Java code, j=interpreted, Vv=VM code, C=native code)
V  [jvm.dll+0x62ae9a]
V  [jvm.dll+0x781389]
V  [jvm.dll+0x782ae3]
V  [jvm.dll+0x783143]
V  [jvm.dll+0x216265]
V  [jvm.dll+0x6281d9]
V  [jvm.dll+0x61cd15]
V  [jvm.dll+0x2d01fd]
V  [jvm.dll+0x2d0062]
V  [jvm.dll+0x2d603c]
V  [jvm.dll+0x325b2a]
V  [jvm.dll+0x3251f4]
V  [jvm.dll+0x2a717a]
V  [jvm.dll+0x2a8318]
V  [jvm.dll+0x75e101]
V  [jvm.dll+0x3343e4]
V  [jvm.dll+0x73e826]
V  [jvm.dll+0x3b7777]
V  [jvm.dll+0x3b9201]
C  [jli.dll+0x52fb]
C  [ucrtbase.dll+0x214c2]
C  [KERNEL32.DLL+0x17034]
C  [ntdll.dll+0x4d0d1]


---------------  P R O C E S S  ---------------

Threads class SMR info:
_java_thread_list=0x00007ffa539e4ff0, length=0, elements={
}

Java Threads: ( => current thread )

Other Threads:
  0x000001ed32c2f230 GCTaskThread "GC Thread#0" [stack: 0x0000006317100000,0x0000006317200000] [id=10664]
  0x000001ed32c40200 ConcurrentGCThread "G1 Main Marker" [stack: 0x0000006317200000,0x0000006317300000] [id=1368]
  0x000001ed32c41e00 ConcurrentGCThread "G1 Conc#0" [stack: 0x0000006317300000,0x0000006317400000] [id=12256]

[error occurred during error reporting (printing all threads), id 0xc0000005, EXCEPTION_ACCESS_VIOLATION (0xc0000005) at pc=0x00007ffa531d8047]

VM state: not at safepoint (not fully initialized)

VM Mutex/Monitor currently owned by a thread:  ([mutex/lock_event])
[0x000001ed32bec2a0] Heap_lock - owner thread: 0x000001ed32beeec0

Heap address: 0x0000000081800000, size: 2024 MB, Compressed Oops mode: 32-bit
CDS archive(s) mapped at: [0x0000000000000000-0x0000000000000000-0x0000000000000000), size 0, SharedBaseAddress: 0x0000000800000000, ArchiveRelocationMode: 0.
Narrow klass base: 0x0000000000000000, Narrow klass shift: 0, Narrow klass range: 0x0

Heap:
 garbage-first heap   total 131072K, used 0K [0x0000000081800000, 0x0000000100000000)
  region size 1024K, 0 young (0K), 0 survivors (0K)
 Metaspace       used 0K, capacity 0K, committed 0K, reserved 0K
  class space    used 0K, capacity 0K, committed 0K, reserved 0K

Heap Regions: E=young(eden), S=young(survivor), O=old, HS=humongous(starts), HC=humongous(continues), CS=collection set, F=free, OA=open archive, CA=closed archive, TAMS=top-at-mark-start (previous, next)

Card table byte_map: [0x000001ed4a230000,0x000001ed4a630000] _byte_map_base: 0x000001ed49e24000

Marking Bits (Prev, Next): (CMBitMap*) 0x000001ed32c2faa0, (CMBitMap*) 0x000001ed32c2fae0
 Prev Bits: [0x000001ed4aa30000, 0x000001ed4c9d0000)
 Next Bits: [0x000001ed4c9d0000, 0x000001ed4e970000)

GC Heap History (0 events):
No events

Deoptimization events (0 events):
No events

Classes unloaded (0 events):
No events

Classes redefined (0 events):
No events

Internal exceptions (0 events):
No events

Events (1 events):
Event: 0.009 Loaded shared library C:\Program Files\Java\jdk-15.0.1\bin\java.dll


Dynamic libraries:
0x00007ff715790000 - 0x00007ff71579f000 	C:\Program Files\Java\jdk-15.0.1\bin\java.exe
0x00007ffaa0a50000 - 0x00007ffaa0c46000 	C:\WINDOWS\SYSTEM32\ntdll.dll
0x00007ffa9f1b0000 - 0x00007ffa9f26d000 	C:\WINDOWS\System32\KERNEL32.DLL
0x00007ffa9e4f0000 - 0x00007ffa9e7b9000 	C:\WINDOWS\System32\KERNELBASE.dll
0x00007ffa9e2e0000 - 0x00007ffa9e3e0000 	C:\WINDOWS\System32\ucrtbase.dll
0x00007ffa53f40000 - 0x00007ffa53f58000 	C:\Program Files\Java\jdk-15.0.1\bin\jli.dll
0x00007ffa53f20000 - 0x00007ffa53f39000 	C:\Program Files\Java\jdk-15.0.1\bin\VCRUNTIME140.dll
0x00007ffa9fb10000 - 0x00007ffa9fbbc000 	C:\WINDOWS\System32\ADVAPI32.dll
0x00007ffa9f2f0000 - 0x00007ffa9f38e000 	C:\WINDOWS\System32\msvcrt.dll
0x00007ffa9f040000 - 0x00007ffa9f0dc000 	C:\WINDOWS\System32\sechost.dll
0x00007ffa9f390000 - 0x00007ffa9f4bb000 	C:\WINDOWS\System32\RPCRT4.dll
0x00007ffa9fbc0000 - 0x00007ffa9fd60000 	C:\WINDOWS\System32\USER32.dll
0x00007ffa8ca60000 - 0x00007ffa8ccfb000 	C:\WINDOWS\WinSxS\amd64_microsoft.windows.common-controls_6595b64144ccf1df_6.0.19041.488_none_ca04af081b815d21\COMCTL32.dll
0x00007ffa9e8f0000 - 0x00007ffa9e912000 	C:\WINDOWS\System32\win32u.dll
0x00007ffa9efb0000 - 0x00007ffa9efda000 	C:\WINDOWS\System32\GDI32.dll
0x00007ffa9e3e0000 - 0x00007ffa9e4e9000 	C:\WINDOWS\System32\gdi32full.dll
0x00007ffa9e190000 - 0x00007ffa9e22d000 	C:\WINDOWS\System32\msvcp_win.dll
0x00007ffa95130000 - 0x00007ffa9513a000 	C:\WINDOWS\SYSTEM32\VERSION.dll
0x00007ffa9eab0000 - 0x00007ffa9eae0000 	C:\WINDOWS\System32\IMM32.DLL
0x00007ffa7e3f0000 - 0x00007ffa7e3fc000 	C:\Program Files\Java\jdk-15.0.1\bin\vcruntime140_1.dll
0x00007ffa53a80000 - 0x00007ffa53b11000 	C:\Program Files\Java\jdk-15.0.1\bin\msvcp140.dll
0x00007ffa52f20000 - 0x00007ffa53a7e000 	C:\Program Files\Java\jdk-15.0.1\bin\server\jvm.dll
0x00007ffa9fb00000 - 0x00007ffa9fb08000 	C:\WINDOWS\System32\PSAPI.DLL
0x00007ffa86c20000 - 0x00007ffa86c29000 	C:\WINDOWS\SYSTEM32\WSOCK32.dll
0x00007ffa8b4c0000 - 0x00007ffa8b4e7000 	C:\WINDOWS\SYSTEM32\WINMM.dll
0x00007ffaa09a0000 - 0x00007ffaa0a0b000 	C:\WINDOWS\System32\WS2_32.dll
0x00007ffa9ca30000 - 0x00007ffa9ca42000 	C:\WINDOWS\SYSTEM32\kernel.appcore.dll
0x00007ffa7e290000 - 0x00007ffa7e29a000 	C:\Program Files\Java\jdk-15.0.1\bin\jimage.dll
0x00007ffa9c740000 - 0x00007ffa9c924000 	C:\WINDOWS\SYSTEM32\DBGHELP.DLL
0x00007ffa8daa0000 - 0x00007ffa8dacc000 	C:\WINDOWS\SYSTEM32\dbgcore.DLL
0x00007ffa9e7c0000 - 0x00007ffa9e840000 	C:\WINDOWS\System32\bcryptPrimitives.dll
0x00007ffa52ef0000 - 0x00007ffa52f15000 	C:\Program Files\Java\jdk-15.0.1\bin\java.dll

dbghelp: loaded successfully - version: 4.0.5 - missing functions: none
symbol engine: initialized successfully - sym options: 0x614 - pdb path: .;C:\Program Files\Java\jdk-15.0.1\bin;C:\WINDOWS\SYSTEM32;C:\WINDOWS\WinSxS\amd64_microsoft.windows.common-controls_6595b64144ccf1df_6.0.19041.488_none_ca04af081b815d21;C:\Program Files\Java\jdk-15.0.1\bin\server

VM Arguments:
java_command: <unknown>
java_class_path (initial): <not set>
Launcher Type: SUN_STANDARD

[Global flags]
     intx CICompilerCount                          = 3                                         {product} {ergonomic}
     uint ConcGCThreads                            = 1                                         {product} {ergonomic}
     uint G1ConcRefinementThreads                  = 4                                         {product} {ergonomic}
   size_t G1HeapRegionSize                         = 1048576                                   {product} {ergonomic}
    uintx GCDrainStackTargetSize                   = 64                                        {product} {ergonomic}
   size_t InitialHeapSize                          = 134217728                                 {product} {ergonomic}
   size_t MarkStackSize                            = 4194304                                   {product} {ergonomic}
   size_t MaxHeapSize                              = 2122317824                                {product} {ergonomic}
   size_t MinHeapDeltaBytes                        = 1048576                                   {product} {ergonomic}
   size_t MinHeapSize                              = 8388608                                   {product} {ergonomic}
    uintx NonNMethodCodeHeapSize                   = 5832780                                {pd product} {ergonomic}
    uintx NonProfiledCodeHeapSize                  = 122912730                              {pd product} {ergonomic}
    uintx ProfiledCodeHeapSize                     = 122912730                              {pd product} {ergonomic}
    uintx ReservedCodeCacheSize                    = 251658240                              {pd product} {ergonomic}
     bool SegmentedCodeCache                       = true                                      {product} {ergonomic}
   size_t SoftMaxHeapSize                          = 2122317824                             {manageable} {ergonomic}
     bool UseCompressedClassPointers               = true                                 {lp64_product} {ergonomic}
     bool UseCompressedOops                        = true                                 {lp64_product} {ergonomic}
     bool UseG1GC                                  = true                                      {product} {ergonomic}
     bool UseLargePagesIndividualAllocation        = false                                  {pd product} {ergonomic}

Logging:
Log output configuration:
 #0: stdout all=warning uptime,level,tags
 #1: stderr all=off uptime,level,tags

Environment Variables:
JAVA_HOME=C:\Program Files\Java\jdk-15.0.1
PATH=C:\Program Files (x86)\Common Files\Oracle\Java\javapath;C:\Program Files\Python39\Scripts\;C:\Program Files\Python39\;C:\Program Files\Common Files\Oracle\Java\javapath;C:\WINDOWS\system32;C:\WINDOWS;C:\WINDOWS\System32\Wbem;C:\WINDOWS\System32\WindowsPowerShell\v1.0\;C:\WINDOWS\System32\OpenSSH\;C:\MinGW\bin;C:\Program Files\Git\cmd;C:\Users\user\AppData\Local\Microsoft\WindowsApps;C:\Program Files\JetBrains\IntelliJ IDEA Community Edition 2020.3\bin;C:\Program Files\JetBrains\PyCharm Community Edition 2020.3\bin;C:\Program Files\JetBrains\PyCharm 2020.3 Professional\PyCharm 2020.3\bin;C:\Program Files\JetBrains\IntelliJ IDEA 2020.3 Ultimate\bin;C:\ProgramData\Microsoft VS Code\bin;C:\Users\user\AppData\Local\Android\Sdk\platform-tools;C:\Users\user\AppData\Local\GitHubDesktop\bin
USERNAME=user
OS=Windows_NT
PROCESSOR_IDENTIFIER=Intel64 Family 6 Model 142 Stepping 9, GenuineIntel



---------------  S Y S T E M  ---------------

OS:
 Windows 10 , 64 bit Build 19041 (10.0.19041.662)
OS uptime: 0 days 0:12 hours
HyperV virtualization detected

CPU: total 4 (initial active 4) (2 cores per cpu, 2 threads per core) family 6 model 142 stepping 9 microcode 0xd6, cmov, cx8, fxsr, mmx, sse, sse2, sse3, ssse3, sse4.1, sse4.2, popcnt, vzeroupper, avx, avx2, aes, clmul, erms, 3dnowpref, lzcnt, ht, tsc, tscinvbit, bmi1, bmi2, adx, fma, clflush, clflushopt

Memory: 4k page, system-wide physical 8090M (1491M free)
TotalPageFile size 8890M (AvailPageFile size 11M)
current process WorkingSet (physical memory assigned to process): 9M, peak: 9M
current process commit charge ("private bytes"): 52M, peak: 179M

vm_info: Java HotSpot(TM) 64-Bit Server VM (15.0.1+9-18) for windows-amd64 JRE (15.0.1+9-18), built on Sep 15 2020 14:43:54 by "mach5one" with unknown MS VC++:1925

END.
